<?xml version="1.0" encoding="UTF-8"?>
<testsuite xmlns:xsi="http://www.w3.org/2001/XMLSchema-instance" xsi:noNamespaceSchemaLocation="https://maven.apache.org/surefire/maven-surefire-plugin/xsd/surefire-test-report-3.0.xsd" version="3.0" name="com.example.estoque.EstoqueApplicationTests" time="5.35" tests="1" errors="0" skipped="0" failures="0">
  <properties>
[...]
</properties>
  <testcase name="contextLoads" classname="com.example.estoque.EstoqueApplicationTests" time="1.522">
    <system-out><![CDATA[23:21:41.865 [main] INFO org.springframework.test.context.support.AnnotationConfigContextLoaderUtils -- Could not detect default configuration classes for test class [com.example.estoque.EstoqueApplicationTests]: EstoqueApplicationTests does not declare any static, non-private, non-final, nested classes annotated with @Configuration.
23:21:42.046 [main] INFO org.springframework.boot.test.context.SpringBootTestContextBootstrapper -- Found @SpringBootConfiguration com.example.estoque.EstoqueApplication for test class com.example.estoque.EstoqueApplicationTests

  .   ____          _            __ _ _
 /\\ / ___'_ __ _ _(_)_ __  __ _ \ \ \ \
( ( )\___ | '_ | '_| | '_ \/ _` | \ \ \ \
 \\/  ___)| |_)| | | | | || (_| |  ) ) ) )
  '  |____| .__|_| |_|_| |_\__, | / / / /
 =========|_|==============|___/=/_/_/_/
 :: Spring Boot ::                (v3.1.3)

2023-09-03T23:21:42.762-03:00  INFO 26736 --- [           main] c.e.estoque.EstoqueApplicationTests    : Starting EstoqueApplicationTests using Java 17.0.8 with PID 26736 (started by pedro in C:\Users\pedro\Downloads\estoque)
2023-09-03T23:21:42.764-03:00  INFO 26736 --- [           main] c.e.estoque.EstoqueApplicationTests    : No active profile set, falling back to 1 default profile: "default"
2023-09-03T23:21:44.976-03:00  WARN 26736 --- [           main] .s.s.UserDetailsServiceAutoConfiguration : 

Using generated security password: 1578a20b-08d1-434a-ad12-05e0a9ed9c11

This generated password is for development use only. Your security configuration must be updated before running your application in production.

2023-09-03T23:21:45.256-03:00  INFO 26736 --- [           main] o.s.s.web.DefaultSecurityFilterChain     : Will secure any request with [org.springframework.security.web.session.DisableEncodeUrlFilter@1526f71, org.springframework.security.web.context.request.async.WebAsyncManagerIntegrationFilter@49ca94a9, org.springframework.security.web.context.SecurityContextHolderFilter@6d229b1c, org.springframework.security.web.header.HeaderWriterFilter@626c19cf, org.springframework.security.web.csrf.CsrfFilter@7a2ab862, org.springframework.security.web.authentication.logout.LogoutFilter@6cbbb9c4, org.springframework.security.web.authentication.UsernamePasswordAuthenticationFilter@671ea6ff, org.springframework.security.web.authentication.ui.DefaultLoginPageGeneratingFilter@76cf841, org.springframework.security.web.authentication.ui.DefaultLogoutPageGeneratingFilter@9ab310b, org.springframework.security.web.authentication.www.BasicAuthenticationFilter@3fcee3d9, org.springframework.security.web.savedrequest.RequestCacheAwareFilter@2da99821, org.springframework.security.web.servletapi.SecurityContextHolderAwareRequestFilter@7161457, org.springframework.security.web.authentication.AnonymousAuthenticationFilter@5b40de43, org.springframework.security.web.access.ExceptionTranslationFilter@56cc9f29, org.springframework.security.web.access.intercept.AuthorizationFilter@16da1abc]
2023-09-03T23:21:45.342-03:00  INFO 26736 --- [           main] c.e.estoque.EstoqueApplicationTests    : Started EstoqueApplicationTests in 3.034 seconds (process running for 4.706)
]]></system-out>
  </testcase>
</testsuite>